CompileCommand: exclude com/intellij/openapi/vfs/impl/FilePartNodeRoot.trieDescend bool exclude = true
2024-02-18 18:02:52,567 [    380]   WARN - #c.i.s.ComponentManagerImpl - `preload=true` must be used only for core services (service=com.intellij.ae.database.core.baseEvents.fus.AddStatisticsEventLogListenerTemporary, plugin=com.jetbrains.ae.database)
2024-02-18 18:02:52,568 [    381]   WARN - #c.i.s.ComponentManagerImpl - `preload=true` must be used only for core services (service=com.jetbrains.rdserver.statistics.BackendStatisticsManager, plugin=com.jetbrains.codeWithMe)
2024-02-18 18:02:53,212 [   1025]   WARN - #c.i.s.ComponentManagerImpl - com.intellij.psi.search.FilenameIndex initializer requests com.intellij.ide.plugins.PluginUtil instance
2024-02-18 18:02:54,312 [   2125]   WARN - #c.i.s.ComponentManagerImpl - org.jetbrains.kotlin.idea.gradleJava.scripting.roots.GradleBuildRootDataSerializer initializer requests com.intellij.util.gist.storage.GistStorage instance
2024-02-18 18:02:55,027 [   2840]   WARN - #c.i.s.ComponentManagerImpl - com.intellij.psi.LanguageSubstitutors initializer requests com.intellij.psi.LanguageSubstitutors instance
2024-02-18 18:02:55,045 [   2858]   WARN - #c.i.s.ComponentManagerImpl - org.zmlx.hg4idea.provider.HgChangeProvider initializer requests com.intellij.openapi.vcs.FileStatusFactory instance
2024-02-18 18:02:56,571 [   4384]   WARN - #c.i.o.a.i.ActionUpdater - 357 ms to grab EDT for JoinCallAction#Update@MainToolbar (com.jetbrains.rd.platform.codeWithMe.telephony.JoinCallAction)
2024-02-18 18:02:56,917 [   4730]   WARN - #c.i.o.v.n.p.d.e.DurableEnumeratorFactory - [enumerator.mmapped]: .valueToId map is out-of-sync with .valuesLog data -> rebuilding it
2024-02-18 18:02:57,121 [   4934]   WARN - #o.j.p.t.TextMateService - Cannot find referenced file `./language-configuration.json` in bundle `/home/alex/idea-IC-233.14015.106/plugins/textmate/lib/bundles/mdx`
2024-02-18 18:03:22,012 [  29825]   WARN - #c.i.s.ComponentManagerImpl - org.jetbrains.kotlin.tools.projectWizard.Versions initializer requests org.jetbrains.kotlin.tools.projectWizard.compatibility.KotlinWizardVersionStore instance
2024-02-18 18:03:22,021 [  29834]   WARN - #c.i.s.ComponentManagerImpl - org.jetbrains.kotlin.tools.projectWizard.Dependencies initializer requests org.jetbrains.kotlin.tools.projectWizard.compatibility.DependencyVersionStore instance
2024-02-18 18:03:34,395 [  42208]   WARN - org.apache.velocity.deprecation - configuration key 'resource.loader' has been deprecated in favor of 'resource.loaders'
2024-02-18 18:03:34,399 [  42212]   WARN - org.apache.velocity.deprecation - configuration key 'includes.resource.loader.instance' has been deprecated in favor of 'resource.loader.includes.instance'
2024-02-18 18:03:36,215 [  44028]   WARN - #c.i.u.x.Binding - no accessors for org.jetbrains.idea.maven.project.MavenHomeType
2024-02-18 18:03:36,221 [  44034]   WARN - #c.i.u.x.Binding - no accessors for org.jetbrains.kotlin.idea.projectConfiguration.KotlinNotConfiguredSuppressedModulesState
2024-02-18 18:03:38,382 [  46195]   WARN - #git4idea.annotate.GitAnnotationProvider - bad revision 'HEAD'
com.intellij.openapi.vcs.VcsException: bad revision 'HEAD'
	at git4idea.commands.GitCommandResult.throwOnError(GitCommandResult.java:142)
	at git4idea.commands.GitCommandResult.getOutputOrThrow(GitCommandResult.java:131)
	at git4idea.history.GitHistoryUtils.getCurrentRevision(GitHistoryUtils.java:196)
	at git4idea.annotate.GitAnnotationProvider.getLastRevision(GitAnnotationProvider.java:497)
	at git4idea.annotate.GitAnnotationProvider.getPathAndRevision(GitAnnotationProvider.java:479)
	at git4idea.annotate.GitAnnotationProvider.populateCache(GitAnnotationProvider.java:451)
	at com.intellij.openapi.vcs.annotate.AnnotationsPreloader$schedulePreloading$1.doRun(AnnotationsPreloader.kt:56)
	at com.intellij.openapi.progress.util.BackgroundTaskUtil.lambda$runUnderDisposeAwareIndicator$15(BackgroundTaskUtil.java:371)
	at com.intellij.openapi.progress.impl.CoreProgressManager.lambda$runProcess$1(CoreProgressManager.java:192)
	at com.intellij.openapi.progress.impl.CoreProgressManager.lambda$executeProcessUnderProgress$12(CoreProgressManager.java:610)
	at com.intellij.openapi.progress.impl.CoreProgressManager.registerIndicatorAndRun(CoreProgressManager.java:685)
	at com.intellij.openapi.progress.impl.CoreProgressManager.computeUnderProgress(CoreProgressManager.java:641)
	at com.intellij.openapi.progress.impl.CoreProgressManager.executeProcessUnderProgress(CoreProgressManager.java:609)
	at com.intellij.openapi.progress.impl.ProgressManagerImpl.executeProcessUnderProgress(ProgressManagerImpl.java:78)
	at com.intellij.openapi.progress.impl.CoreProgressManager.runProcess(CoreProgressManager.java:179)
	at com.intellij.openapi.progress.util.BackgroundTaskUtil.runUnderDisposeAwareIndicator(BackgroundTaskUtil.java:366)
	at com.intellij.openapi.progress.util.BackgroundTaskUtil.runUnderDisposeAwareIndicator(BackgroundTaskUtil.java:349)
	at com.intellij.util.ui.update.DisposableUpdate.run(DisposableUpdate.java:19)
	at com.intellij.util.concurrency.ChildContext$runAsCoroutine$1.invoke(propagation.kt:81)
	at com.intellij.util.concurrency.ChildContext$runAsCoroutine$1.invoke(propagation.kt:81)
	at com.intellij.util.concurrency.ChildContext.runAsCoroutine(propagation.kt:86)
	at com.intellij.util.concurrency.ChildContext.runAsCoroutine(propagation.kt:81)
	at com.intellij.util.ui.update.Update.runUpdate(Update.java:113)
	at com.intellij.util.ui.update.MergingUpdateQueue.execute(MergingUpdateQueue.java:348)
	at com.intellij.util.ui.update.MergingUpdateQueue.execute(MergingUpdateQueue.java:338)
	at com.intellij.util.ui.update.MergingUpdateQueue.doFlush(MergingUpdateQueue.java:295)
	at com.intellij.util.ui.update.MergingUpdateQueue.flush(MergingUpdateQueue.java:277)
	at com.intellij.util.ui.update.MergingUpdateQueue.run(MergingUpdateQueue.java:246)
	at com.intellij.util.concurrency.ChildContext$runAsCoroutine$1.invoke(propagation.kt:81)
	at com.intellij.util.concurrency.ChildContext$runAsCoroutine$1.invoke(propagation.kt:81)
	at com.intellij.util.concurrency.ChildContext.runAsCoroutine(propagation.kt:86)
	at com.intellij.util.concurrency.ChildContext.runAsCoroutine(propagation.kt:81)
	at com.intellij.util.Alarm$Request.lambda$runSafely$0(Alarm.java:369)
	at com.intellij.util.concurrency.QueueProcessor.runSafely(QueueProcessor.java:253)
	at com.intellij.util.Alarm$Request.runSafely(Alarm.java:369)
	at com.intellij.util.Alarm$Request.run(Alarm.java:356)
	at com.intellij.util.concurrency.Propagation.contextAwareCallable$lambda$2(propagation.kt:357)
	at java.base/java.util.concurrent.FutureTask.run(FutureTask.java:264)
	at com.intellij.util.concurrency.SchedulingWrapper$MyScheduledFutureTask.run(SchedulingWrapper.java:272)
	at com.intellij.util.concurrency.BoundedTaskExecutor.doRun(BoundedTaskExecutor.java:244)
	at com.intellij.util.concurrency.BoundedTaskExecutor.access$200(BoundedTaskExecutor.java:30)
	at com.intellij.util.concurrency.BoundedTaskExecutor$1.executeFirstTaskAndHelpQueue(BoundedTaskExecutor.java:222)
	at com.intellij.util.ConcurrencyUtil.runUnderThreadName(ConcurrencyUtil.java:218)
	at com.intellij.util.concurrency.BoundedTaskExecutor$1.run(BoundedTaskExecutor.java:210)
	at java.base/java.util.concurrent.ThreadPoolExecutor.runWorker(ThreadPoolExecutor.java:1136)
	at java.base/java.util.concurrent.ThreadPoolExecutor$Worker.run(ThreadPoolExecutor.java:635)
	at java.base/java.util.concurrent.Executors$PrivilegedThreadFactory$1$1.run(Executors.java:702)
	at java.base/java.util.concurrent.Executors$PrivilegedThreadFactory$1$1.run(Executors.java:699)
	at java.base/java.security.AccessController.doPrivileged(AccessController.java:399)
	at java.base/java.util.concurrent.Executors$PrivilegedThreadFactory$1.run(Executors.java:699)
	at java.base/java.lang.Thread.run(Thread.java:840)
2024-02-18 18:03:52,533 [  60346]   WARN - #c.i.u.x.Binding - no accessors for com.intellij.ide.util.TipsUsageManager$State
2024-02-18 18:04:57,871 [ 125684]   WARN - #c.i.o.a.i.ActionUpdater - 390 ms to grab EDT for ToolWindowHeader$2#Update@ToolwindowTitle (com.intellij.toolWindow.ToolWindowHeader$2)
2024-02-18 18:06:03,369 [ 191182]   WARN - JetBrains UI DSL - Unsupported labeled component com.intellij.vcs.log.VcsUserEditor, label 'Author:'
2024-02-18 18:06:38,713 [ 226526]   WARN - #git4idea.remote.GitDefineRemoteDialog - Invalid remote. Name: origin, URL: github.com/llesha/simple-parser-kt, error: 'github.com/llesha/simple-parser-kt' does not appear to be a git repository
Could not read from remote repository.

Please make sure you have the correct access rights
and the repository exists.
2024-02-18 18:06:39,741 [ 227554]   WARN - #git4idea.remote.GitDefineRemoteDialog - Invalid remote. Name: origin, URL: github.com/llesha/simple-parser-kt, error: 'github.com/llesha/simple-parser-kt' does not appear to be a git repository
Could not read from remote repository.

Please make sure you have the correct access rights
and the repository exists.
2024-02-18 18:06:39,895 [ 227708]   WARN - #git4idea.remote.GitDefineRemoteDialog - Invalid remote. Name: origin, URL: github.com/llesha/simple-parser-kt, error: 'github.com/llesha/simple-parser-kt' does not appear to be a git repository
Could not read from remote repository.

Please make sure you have the correct access rights
and the repository exists.
2024-02-18 18:06:40,060 [ 227873]   WARN - #git4idea.remote.GitDefineRemoteDialog - Invalid remote. Name: origin, URL: github.com/llesha/simple-parser-kt, error: 'github.com/llesha/simple-parser-kt' does not appear to be a git repository
Could not read from remote repository.

Please make sure you have the correct access rights
and the repository exists.
2024-02-18 18:07:48,682 [ 296495]   WARN - #git4idea.remote.GitDefineRemoteDialog - Invalid remote. Name: origin, URL: github.com/llesha/simple-parser-kt, error: 'github.com/llesha/simple-parser-kt' does not appear to be a git repository
Could not read from remote repository.

Please make sure you have the correct access rights
and the repository exists.
2024-02-18 18:07:49,578 [ 297391]   WARN - #git4idea.remote.GitDefineRemoteDialog - Invalid remote. Name: origin, URL: github.com/llesha/simple-parser-kt, error: 'github.com/llesha/simple-parser-kt' does not appear to be a git repository
Could not read from remote repository.

Please make sure you have the correct access rights
and the repository exists.
2024-02-18 18:07:49,727 [ 297540]   WARN - #git4idea.remote.GitDefineRemoteDialog - Invalid remote. Name: origin, URL: github.com/llesha/simple-parser-kt, error: 'github.com/llesha/simple-parser-kt' does not appear to be a git repository
Could not read from remote repository.

Please make sure you have the correct access rights
and the repository exists.
2024-02-18 18:08:04,361 [ 312174]   WARN - #git4idea.remote.GitDefineRemoteDialog - Invalid remote. Name: origin, URL: https://github.com/llesha/simple-parser-kt, error: unable to access 'https://github.com/llesha/simple-parser-kt/': Could not resolve host: github.com
2024-02-18 18:09:24,434 [ 392247]   WARN - #c.i.s.ComponentManagerImpl - com.intellij.psi.codeStyle.CodeStyleSettingsCustomizable initializer requests com.intellij.util.LocaleSensitiveApplicationCacheService instance
2024-02-18 18:11:12,591 [ 500404]   WARN - #c.i.o.o.e.ConfigurableExtensionPointUtil - ignore deprecated groupId: language for id: preferences.language.Kotlin.scripting
2024-02-18 18:11:58,532 [ 546345]   WARN - #c.i.o.o.e.ConfigurableExtensionPointUtil - ignore deprecated groupId: language for id: preferences.language.Kotlin.scripting
CompileCommand: exclude com/intellij/openapi/vfs/impl/FilePartNodeRoot.trieDescend bool exclude = true
2024-02-19 02:21:45,981 [    472]   WARN - #c.i.s.ComponentManagerImpl - `preload=true` must be used only for core services (service=com.intellij.ae.database.core.baseEvents.fus.AddStatisticsEventLogListenerTemporary, plugin=com.jetbrains.ae.database)
2024-02-19 02:21:45,985 [    476]   WARN - #c.i.s.ComponentManagerImpl - `preload=true` must be used only for core services (service=com.jetbrains.rdserver.statistics.BackendStatisticsManager, plugin=com.jetbrains.codeWithMe)
2024-02-19 02:21:46,850 [   1341] SEVERE - #c.i.u.s.JBUIScale - Must be precomputed
java.lang.Throwable: Must be precomputed
	at com.intellij.openapi.diagnostic.Logger.error(Logger.java:376)
	at com.intellij.ui.scale.JBUIScale.computeSystemScaleFactor(JBUIScale.kt:208)
	at com.intellij.ui.scale.JBUIScale$systemScaleFactor$1.invoke(JBUIScale.kt:83)
	at com.intellij.ui.scale.JBUIScale$systemScaleFactor$1.invoke(JBUIScale.kt:82)
	at com.intellij.util.concurrency.SynchronizedClearableLazy._get_value_$lambda$1$lambda$0(SynchronizedClearableLazy.kt:41)
	at java.base/java.util.concurrent.atomic.AtomicReference.updateAndGet(AtomicReference.java:210)
	at com.intellij.util.concurrency.SynchronizedClearableLazy.getValue(SynchronizedClearableLazy.kt:40)
	at com.intellij.ui.scale.JBUIScale.sysScale(JBUIScale.kt:323)
	at com.intellij.ide.ui.UISettings$Companion.getDefFontScale(UISettings.kt:639)
	at com.intellij.ide.ui.NotRoamableUiOptions.<init>(NotRoamableUiSettings.kt:154)
	at com.intellij.ide.ui.NotRoamableUiSettings.<init>(NotRoamableUiSettings.kt:14)
	at java.base/java.lang.invoke.MethodHandle.invokeWithArguments(MethodHandle.java:732)
	at com.intellij.platform.instanceContainer.instantiation.InstantiateKt$instantiate$2.invoke(instantiate.kt:41)
	at com.intellij.platform.instanceContainer.instantiation.InstantiateKt$instantiate$2.invoke(instantiate.kt:39)
	at com.intellij.platform.instanceContainer.instantiation.InstantiateKt.instantiate(instantiate.kt:278)
	at com.intellij.platform.instanceContainer.instantiation.InstantiateKt.instantiate(instantiate.kt:39)
	at com.intellij.serviceContainer.LightServiceInstanceSupport$LightServiceInstanceInitializer.createInstance(LightServiceInstanceSupport.kt:47)
	at com.intellij.platform.instanceContainer.internal.LazyInstanceHolder$initialize$1$1.invokeSuspend(LazyInstanceHolder.kt:162)
	at com.intellij.platform.instanceContainer.internal.LazyInstanceHolder$initialize$1$1.invoke(LazyInstanceHolder.kt)
	at com.intellij.platform.instanceContainer.internal.LazyInstanceHolder$initialize$1$1.invoke(LazyInstanceHolder.kt)
	at kotlinx.coroutines.intrinsics.UndispatchedKt.startUndispatchedOrReturn(Undispatched.kt:78)
	at kotlinx.coroutines.BuildersKt__Builders_commonKt.withContext(Builders.common.kt:167)
	at kotlinx.coroutines.BuildersKt.withContext(Unknown Source)
	at com.intellij.platform.instanceContainer.internal.LazyInstanceHolder$initialize$1.invokeSuspend(LazyInstanceHolder.kt:160)
	at com.intellij.platform.instanceContainer.internal.LazyInstanceHolder$initialize$1.invoke(LazyInstanceHolder.kt)
	at com.intellij.platform.instanceContainer.internal.LazyInstanceHolder$initialize$1.invoke(LazyInstanceHolder.kt)
	at kotlinx.coroutines.intrinsics.UndispatchedKt.startCoroutineUndispatched(Undispatched.kt:44)
	at kotlinx.coroutines.CoroutineStart.invoke(CoroutineStart.kt:112)
	at kotlinx.coroutines.AbstractCoroutine.start(AbstractCoroutine.kt:126)
	at kotlinx.coroutines.BuildersKt__Builders_commonKt.launch(Builders.common.kt:56)
	at kotlinx.coroutines.BuildersKt.launch(Unknown Source)
	at com.intellij.platform.instanceContainer.internal.LazyInstanceHolder.initialize(LazyInstanceHolder.kt:145)
	at com.intellij.platform.instanceContainer.internal.LazyInstanceHolder.access$initialize(LazyInstanceHolder.kt:13)
	at com.intellij.platform.instanceContainer.internal.LazyInstanceHolder.tryInitialize(LazyInstanceHolder.kt:135)
	at com.intellij.platform.instanceContainer.internal.LazyInstanceHolder.getInstance(LazyInstanceHolder.kt:95)
	at com.intellij.platform.instanceContainer.internal.LazyInstanceHolder.getInstanceInCallerContext$suspendImpl(LazyInstanceHolder.kt:87)
	at com.intellij.platform.instanceContainer.internal.LazyInstanceHolder.getInstanceInCallerContext(LazyInstanceHolder.kt)
	at com.intellij.serviceContainer.ComponentManagerImplKt$getOrCreateInstanceBlocking$3.invokeSuspend(ComponentManagerImpl.kt:2337)
	at kotlin.coroutines.jvm.internal.BaseContinuationImpl.resumeWith(ContinuationImpl.kt:33)
	at kotlinx.coroutines.DispatchedTask.run(DispatchedTask.kt:108)
	at kotlinx.coroutines.EventLoopImplBase.processNextEvent(EventLoop.common.kt:280)
	at kotlinx.coroutines.BlockingCoroutine.joinBlocking(Builders.kt:85)
	at kotlinx.coroutines.BuildersKt__BuildersKt.runBlocking(Builders.kt:59)
	at kotlinx.coroutines.BuildersKt.runBlocking(Unknown Source)
	at com.intellij.serviceContainer.ComponentManagerImplKt$runBlockingInitialization$1.invoke(ComponentManagerImpl.kt:2406)
	at com.intellij.serviceContainer.ComponentManagerImplKt$runBlockingInitialization$1.invoke(ComponentManagerImpl.kt:2397)
	at com.intellij.openapi.progress.ContextKt.prepareThreadContext(context.kt:83)
	at com.intellij.serviceContainer.ComponentManagerImplKt.runBlockingInitialization(ComponentManagerImpl.kt:2397)
	at com.intellij.serviceContainer.ComponentManagerImplKt.getOrCreateInstanceBlocking(ComponentManagerImpl.kt:2336)
	at com.intellij.serviceContainer.ComponentManagerImpl.doGetService(ComponentManagerImpl.kt:1057)
	at com.intellij.serviceContainer.ComponentManagerImpl.getService(ComponentManagerImpl.kt:988)
	at com.intellij.ide.ui.UISettings.<init>(UISettings.kt:800)
	at java.base/jdk.internal.reflect.NativeConstructorAccessorImpl.newInstance0(Native Method)
	at java.base/jdk.internal.reflect.NativeConstructorAccessorImpl.newInstance(NativeConstructorAccessorImpl.java:77)
	at java.base/jdk.internal.reflect.DelegatingConstructorAccessorImpl.newInstance(DelegatingConstructorAccessorImpl.java:45)
	at java.base/java.lang.reflect.Constructor.newInstanceWithCaller(Constructor.java:499)
	at java.base/java.lang.reflect.Constructor.newInstance(Constructor.java:480)
	at com.intellij.platform.instanceContainer.instantiation.InstantiateKt$instantiate$4.invoke(instantiate.kt:74)
	at com.intellij.platform.instanceContainer.instantiation.InstantiateKt$instantiate$4.invoke(instantiate.kt:72)
	at com.intellij.platform.instanceContainer.instantiation.InstantiateKt.instantiate(instantiate.kt:278)
	at com.intellij.platform.instanceContainer.instantiation.InstantiateKt.instantiate(instantiate.kt:72)
	at com.intellij.serviceContainer.InstantiateKt.instantiateWithContainer(instantiate.kt:19)
	at com.intellij.serviceContainer.ServiceInstanceInitializer.createInstance$suspendImpl(ServiceInstanceInitializer.kt:26)
	at com.intellij.serviceContainer.ServiceInstanceInitializer.createInstance(ServiceInstanceInitializer.kt)
	at com.intellij.platform.instanceContainer.internal.LazyInstanceHolder$initialize$1$1.invokeSuspend(LazyInstanceHolder.kt:162)
	at com.intellij.platform.instanceContainer.internal.LazyInstanceHolder$initialize$1$1.invoke(LazyInstanceHolder.kt)
	at com.intellij.platform.instanceContainer.internal.LazyInstanceHolder$initialize$1$1.invoke(LazyInstanceHolder.kt)
	at kotlinx.coroutines.intrinsics.UndispatchedKt.startUndispatchedOrReturn(Undispatched.kt:78)
	at kotlinx.coroutines.BuildersKt__Builders_commonKt.withContext(Builders.common.kt:167)
	at kotlinx.coroutines.BuildersKt.withContext(Unknown Source)
	at com.intellij.platform.instanceContainer.internal.LazyInstanceHolder$initialize$1.invokeSuspend(LazyInstanceHolder.kt:160)
	at com.intellij.platform.instanceContainer.internal.LazyInstanceHolder$initialize$1.invoke(LazyInstanceHolder.kt)
	at com.intellij.platform.instanceContainer.internal.LazyInstanceHolder$initialize$1.invoke(LazyInstanceHolder.kt)
	at kotlinx.coroutines.intrinsics.UndispatchedKt.startCoroutineUndispatched(Undispatched.kt:44)
	at kotlinx.coroutines.CoroutineStart.invoke(CoroutineStart.kt:112)
	at kotlinx.coroutines.AbstractCoroutine.start(AbstractCoroutine.kt:126)
	at kotlinx.coroutines.BuildersKt__Builders_commonKt.launch(Builders.common.kt:56)
	at kotlinx.coroutines.BuildersKt.launch(Unknown Source)
	at com.intellij.platform.instanceContainer.internal.LazyInstanceHolder.initialize(LazyInstanceHolder.kt:145)
	at com.intellij.platform.instanceContainer.internal.LazyInstanceHolder.access$initialize(LazyInstanceHolder.kt:13)
	at com.intellij.platform.instanceContainer.internal.LazyInstanceHolder.tryInitialize(LazyInstanceHolder.kt:135)
	at com.intellij.platform.instanceContainer.internal.LazyInstanceHolder.getInstance(LazyInstanceHolder.kt:95)
	at com.intellij.platform.instanceContainer.internal.LazyInstanceHolder.getInstanceInCallerContext$suspendImpl(LazyInstanceHolder.kt:87)
	at com.intellij.platform.instanceContainer.internal.LazyInstanceHolder.getInstanceInCallerContext(LazyInstanceHolder.kt)
	at com.intellij.serviceContainer.ComponentManagerImplKt$getOrCreateInstanceBlocking$3.invokeSuspend(ComponentManagerImpl.kt:2337)
	at kotlin.coroutines.jvm.internal.BaseContinuationImpl.resumeWith(ContinuationImpl.kt:33)
	at kotlinx.coroutines.DispatchedTask.run(DispatchedTask.kt:108)
	at kotlinx.coroutines.EventLoopImplBase.processNextEvent(EventLoop.common.kt:280)
	at kotlinx.coroutines.BlockingCoroutine.joinBlocking(Builders.kt:85)
	at kotlinx.coroutines.BuildersKt__BuildersKt.runBlocking(Builders.kt:59)
	at kotlinx.coroutines.BuildersKt.runBlocking(Unknown Source)
	at com.intellij.serviceContainer.ComponentManagerImplKt$runBlockingInitialization$1.invoke(ComponentManagerImpl.kt:2406)
	at com.intellij.serviceContainer.ComponentManagerImplKt$runBlockingInitialization$1.invoke(ComponentManagerImpl.kt:2397)
	at com.intellij.openapi.progress.ContextKt.prepareThreadContext(context.kt:83)
	at com.intellij.serviceContainer.ComponentManagerImplKt.runBlockingInitialization(ComponentManagerImpl.kt:2397)
	at com.intellij.serviceContainer.ComponentManagerImplKt.getOrCreateInstanceBlocking(ComponentManagerImpl.kt:2336)
	at com.intellij.serviceContainer.ComponentManagerImpl.doGetService(ComponentManagerImpl.kt:1057)
	at com.intellij.serviceContainer.ComponentManagerImpl.getService(ComponentManagerImpl.kt:988)
	at com.intellij.ide.ui.UISettings$Companion.getInstance(UISettings.kt:800)
	at com.intellij.ide.ui.UISettings$Companion.getInstanceOrNull(UISettings.kt:544)
	at com.intellij.ide.ui.UISettings.getInstanceOrNull(UISettings.kt)
	at com.intellij.openapi.actionSystem.Presentation.lambda$getTextWithMnemonic$6(Presentation.java:208)
	at com.intellij.openapi.actionSystem.Presentation.getText(Presentation.java:168)
	at com.intellij.openapi.actionSystem.Presentation.getText(Presentation.java:164)
	at com.intellij.openapi.actionSystem.ActionStub.copyTemplatePresentation(ActionStub.java:110)
	at com.intellij.openapi.actionSystem.ActionStub.initAction(ActionStub.java:96)
	at com.intellij.openapi.actionSystem.impl.ActionManagerImplKt.convertStub(ActionManagerImpl.kt:1738)
	at com.intellij.openapi.actionSystem.impl.ActionManagerImpl.getActionImpl(ActionManagerImpl.kt:323)
	at com.intellij.openapi.actionSystem.impl.ActionManagerImpl.getAction(ActionManagerImpl.kt:314)
	at com.intellij.execution.ExecutorRegistryImpl.registerAction(ExecutorRegistryImpl.java:216)
	at com.intellij.execution.ExecutorRegistryImpl.initExecutorActions(ExecutorRegistryImpl.java:133)
	at com.intellij.execution.ExecutorRegistryImpl.init(ExecutorRegistryImpl.java:285)
	at com.intellij.execution.ExecutorRegistryImpl$ExecutorRegistryActionConfigurationTuner.customize(ExecutorRegistryImpl.java:100)
	at com.intellij.openapi.actionSystem.impl.ActionManagerImpl$1.invoke(ActionManagerImpl.kt:130)
	at com.intellij.openapi.actionSystem.impl.ActionManagerImpl$1.invoke(ActionManagerImpl.kt:130)
	at com.intellij.openapi.actionSystem.impl.ActionManagerImpl._init_$lambda$0(ActionManagerImpl.kt:130)
	at com.intellij.openapi.extensions.impl.ExtensionProcessingHelper.forEachExtensionSafe(ExtensionProcessingHelper.kt:34)
	at com.intellij.openapi.extensions.ExtensionPointName.forEachExtensionSafe(ExtensionPointName.kt:50)
	at com.intellij.openapi.actionSystem.impl.ActionManagerImpl.<init>(ActionManagerImpl.kt:130)
	at com.jetbrains.rdserver.ui.actionPopupMenu.BackendActionManager.<init>(BackendActionManager.kt:17)
	at java.base/jdk.internal.reflect.NativeConstructorAccessorImpl.newInstance0(Native Method)
	at java.base/jdk.internal.reflect.NativeConstructorAccessorImpl.newInstance(NativeConstructorAccessorImpl.java:77)
	at java.base/jdk.internal.reflect.DelegatingConstructorAccessorImpl.newInstance(DelegatingConstructorAccessorImpl.java:45)
	at java.base/java.lang.reflect.Constructor.newInstanceWithCaller(Constructor.java:499)
	at java.base/java.lang.reflect.Constructor.newInstance(Constructor.java:480)
	at com.intellij.platform.instanceContainer.instantiation.InstantiateKt$instantiate$4.invoke(instantiate.kt:74)
	at com.intellij.platform.instanceContainer.instantiation.InstantiateKt$instantiate$4.invoke(instantiate.kt:72)
	at com.intellij.platform.instanceContainer.instantiation.InstantiateKt.instantiate(instantiate.kt:278)
	at com.intellij.platform.instanceContainer.instantiation.InstantiateKt.instantiate(instantiate.kt:72)
	at com.intellij.serviceContainer.InstantiateKt.instantiateWithContainer(instantiate.kt:19)
	at com.intellij.serviceContainer.ServiceInstanceInitializer.createInstance$suspendImpl(ServiceInstanceInitializer.kt:26)
	at com.intellij.serviceContainer.ServiceInstanceInitializer.createInstance(ServiceInstanceInitializer.kt)
	at com.intellij.platform.instanceContainer.internal.LazyInstanceHolder$initialize$1$1.invokeSuspend(LazyInstanceHolder.kt:162)
	at com.intellij.platform.instanceContainer.internal.LazyInstanceHolder$initialize$1$1.invoke(LazyInstanceHolder.kt)
	at com.intellij.platform.instanceContainer.internal.LazyInstanceHolder$initialize$1$1.invoke(LazyInstanceHolder.kt)
	at kotlinx.coroutines.intrinsics.UndispatchedKt.startUndispatchedOrReturn(Undispatched.kt:78)
	at kotlinx.coroutines.BuildersKt__Builders_commonKt.withContext(Builders.common.kt:167)
	at kotlinx.coroutines.BuildersKt.withContext(Unknown Source)
	at com.intellij.platform.instanceContainer.internal.LazyInstanceHolder$initialize$1.invokeSuspend(LazyInstanceHolder.kt:160)
	at com.intellij.platform.instanceContainer.internal.LazyInstanceHolder$initialize$1.invoke(LazyInstanceHolder.kt)
	at com.intellij.platform.instanceContainer.internal.LazyInstanceHolder$initialize$1.invoke(LazyInstanceHolder.kt)
	at kotlinx.coroutines.intrinsics.UndispatchedKt.startCoroutineUndispatched(Undispatched.kt:44)
	at kotlinx.coroutines.CoroutineStart.invoke(CoroutineStart.kt:112)
	at kotlinx.coroutines.AbstractCoroutine.start(AbstractCoroutine.kt:126)
	at kotlinx.coroutines.BuildersKt__Builders_commonKt.launch(Builders.common.kt:56)
	at kotlinx.coroutines.BuildersKt.launch(Unknown Source)
	at com.intellij.platform.instanceContainer.internal.LazyInstanceHolder.initialize(LazyInstanceHolder.kt:145)
	at com.intellij.platform.instanceContainer.internal.LazyInstanceHolder.access$initialize(LazyInstanceHolder.kt:13)
	at com.intellij.platform.instanceContainer.internal.LazyInstanceHolder.tryInitialize(LazyInstanceHolder.kt:135)
	at com.intellij.platform.instanceContainer.internal.LazyInstanceHolder.getInstance(LazyInstanceHolder.kt:95)
	at com.intellij.platform.instanceContainer.internal.LazyInstanceHolder.getInstance$suspendImpl(LazyInstanceHolder.kt:83)
	at com.intellij.platform.instanceContainer.internal.LazyInstanceHolder.getInstance(LazyInstanceHolder.kt)
	at com.intellij.platform.instanceContainer.internal.InstanceContainerImpl.instance(InstanceContainerImpl.kt:67)
	at com.intellij.serviceContainer.ComponentManagerImpl.getServiceAsync(ComponentManagerImpl.kt:993)
	at com.intellij.platform.ide.bootstrap.AppServicePreloadingKt$preloadCriticalServices$2$7.invokeSuspend(appServicePreloading.kt:211)
	at com.intellij.platform.ide.bootstrap.AppServicePreloadingKt$preloadCriticalServices$2$7.invoke(appServicePreloading.kt)
	at com.intellij.platform.ide.bootstrap.AppServicePreloadingKt$preloadCriticalServices$2$7.invoke(appServicePreloading.kt)
	at kotlinx.coroutines.intrinsics.UndispatchedKt.startUndispatchedOrReturn(Undispatched.kt:78)
	at kotlinx.coroutines.BuildersKt__Builders_commonKt.withContext(Builders.common.kt:167)
	at kotlinx.coroutines.BuildersKt.withContext(Unknown Source)
	at com.intellij.platform.diagnostic.telemetry.impl.TracerKt.span(tracer.kt:56)
	at com.intellij.platform.diagnostic.telemetry.impl.TracerKt.span$default(tracer.kt:49)
	at com.intellij.platform.ide.bootstrap.AppServicePreloadingKt$preloadCriticalServices$2.invokeSuspend(appServicePreloading.kt:108)
	at kotlin.coroutines.jvm.internal.BaseContinuationImpl.resumeWith(ContinuationImpl.kt:33)
	at kotlinx.coroutines.DispatchedTask.run(DispatchedTask.kt:108)
	at kotlinx.coroutines.scheduling.CoroutineScheduler.runSafely(CoroutineScheduler.kt:584)
	at kotlinx.coroutines.scheduling.CoroutineScheduler$Worker.executeTask(CoroutineScheduler.kt:793)
	at kotlinx.coroutines.scheduling.CoroutineScheduler$Worker.runWorker(CoroutineScheduler.kt:697)
	at kotlinx.coroutines.scheduling.CoroutineScheduler$Worker.run(CoroutineScheduler.kt:684)
2024-02-19 02:21:46,861 [   1352] SEVERE - #c.i.u.s.JBUIScale - IntelliJ IDEA 2023.3.3  Build #IU-233.14015.106
2024-02-19 02:21:46,861 [   1352] SEVERE - #c.i.u.s.JBUIScale - JDK: 17.0.9; VM: OpenJDK 64-Bit Server VM; Vendor: JetBrains s.r.o.
2024-02-19 02:21:46,862 [   1353] SEVERE - #c.i.u.s.JBUIScale - OS: Linux
2024-02-19 02:21:46,864 [   1355] SEVERE - #c.i.u.s.JBUIScale - Last Action: 
2024-02-19 02:21:46,865 [   1356] SEVERE - #c.i.u.s.JBUIScale - Must be precomputed
java.lang.Throwable: Must be precomputed
	at com.intellij.openapi.diagnostic.Logger.error(Logger.java:376)
	at com.intellij.ui.scale.JBUIScale.computeSystemFontData(JBUIScale.kt:112)
	at com.intellij.ui.scale.JBUIScale.access$computeSystemFontData(JBUIScale.kt:28)
	at com.intellij.ui.scale.JBUIScale$systemFontData$1.invoke(JBUIScale.kt:103)
	at com.intellij.ui.scale.JBUIScale$systemFontData$1.invoke(JBUIScale.kt:102)
	at com.intellij.util.concurrency.SynchronizedClearableLazy._get_value_$lambda$1$lambda$0(SynchronizedClearableLazy.kt:41)
	at java.base/java.util.concurrent.atomic.AtomicReference.updateAndGet(AtomicReference.java:210)
	at com.intellij.util.concurrency.SynchronizedClearableLazy.getValue(SynchronizedClearableLazy.kt:40)
	at com.intellij.ui.scale.JBUIScale.getSystemFontData(JBUIScale.kt:413)
	at com.intellij.ui.scale.JBUIScale.computeSystemScaleFactor(JBUIScale.kt:211)
	at com.intellij.ui.scale.JBUIScale$systemScaleFactor$1.invoke(JBUIScale.kt:83)
	at com.intellij.ui.scale.JBUIScale$systemScaleFactor$1.invoke(JBUIScale.kt:82)
	at com.intellij.util.concurrency.SynchronizedClearableLazy._get_value_$lambda$1$lambda$0(SynchronizedClearableLazy.kt:41)
	at java.base/java.util.concurrent.atomic.AtomicReference.updateAndGet(AtomicReference.java:210)
	at com.intellij.util.concurrency.SynchronizedClearableLazy.getValue(SynchronizedClearableLazy.kt:40)
	at com.intellij.ui.scale.JBUIScale.sysScale(JBUIScale.kt:323)
	at com.intellij.ide.ui.UISettings$Companion.getDefFontScale(UISettings.kt:639)
	at com.intellij.ide.ui.NotRoamableUiOptions.<init>(NotRoamableUiSettings.kt:154)
	at com.intellij.ide.ui.NotRoamableUiSettings.<init>(NotRoamableUiSettings.kt:14)
	at java.base/java.lang.invoke.MethodHandle.invokeWithArguments(MethodHandle.java:732)
	at com.intellij.platform.instanceContainer.instantiation.InstantiateKt$instantiate$2.invoke(instantiate.kt:41)
	at com.intellij.platform.instanceContainer.instantiation.InstantiateKt$instantiate$2.invoke(instantiate.kt:39)
	at com.intellij.platform.instanceContainer.instantiation.InstantiateKt.instantiate(instantiate.kt:278)
	at com.intellij.platform.instanceContainer.instantiation.InstantiateKt.instantiate(instantiate.kt:39)
	at com.intellij.serviceContainer.LightServiceInstanceSupport$LightServiceInstanceInitializer.createInstance(LightServiceInstanceSupport.kt:47)
	at com.intellij.platform.instanceContainer.internal.LazyInstanceHolder$initialize$1$1.invokeSuspend(LazyInstanceHolder.kt:162)
	at com.intellij.platform.instanceContainer.internal.LazyInstanceHolder$initialize$1$1.invoke(LazyInstanceHolder.kt)
	at com.intellij.platform.instanceContainer.internal.LazyInstanceHolder$initialize$1$1.invoke(LazyInstanceHolder.kt)
	at kotlinx.coroutines.intrinsics.UndispatchedKt.startUndispatchedOrReturn(Undispatched.kt:78)
	at kotlinx.coroutines.BuildersKt__Builders_commonKt.withContext(Builders.common.kt:167)
	at kotlinx.coroutines.BuildersKt.withContext(Unknown Source)
	at com.intellij.platform.instanceContainer.internal.LazyInstanceHolder$initialize$1.invokeSuspend(LazyInstanceHolder.kt:160)
	at com.intellij.platform.instanceContainer.internal.LazyInstanceHolder$initialize$1.invoke(LazyInstanceHolder.kt)
	at com.intellij.platform.instanceContainer.internal.LazyInstanceHolder$initialize$1.invoke(LazyInstanceHolder.kt)
	at kotlinx.coroutines.intrinsics.UndispatchedKt.startCoroutineUndispatched(Undispatched.kt:44)
	at kotlinx.coroutines.CoroutineStart.invoke(CoroutineStart.kt:112)
	at kotlinx.coroutines.AbstractCoroutine.start(AbstractCoroutine.kt:126)
	at kotlinx.coroutines.BuildersKt__Builders_commonKt.launch(Builders.common.kt:56)
	at kotlinx.coroutines.BuildersKt.launch(Unknown Source)
	at com.intellij.platform.instanceContainer.internal.LazyInstanceHolder.initialize(LazyInstanceHolder.kt:145)
	at com.intellij.platform.instanceContainer.internal.LazyInstanceHolder.access$initialize(LazyInstanceHolder.kt:13)
	at com.intellij.platform.instanceContainer.internal.LazyInstanceHolder.tryInitialize(LazyInstanceHolder.kt:135)
	at com.intellij.platform.instanceContainer.internal.LazyInstanceHolder.getInstance(LazyInstanceHolder.kt:95)
	at com.intellij.platform.instanceContainer.internal.LazyInstanceHolder.getInstanceInCallerContext$suspendImpl(LazyInstanceHolder.kt:87)
	at com.intellij.platform.instanceContainer.internal.LazyInstanceHolder.getInstanceInCallerContext(LazyInstanceHolder.kt)
	at com.intellij.serviceContainer.ComponentManagerImplKt$getOrCreateInstanceBlocking$3.invokeSuspend(ComponentManagerImpl.kt:2337)
	at kotlin.coroutines.jvm.internal.BaseContinuationImpl.resumeWith(ContinuationImpl.kt:33)
	at kotlinx.coroutines.DispatchedTask.run(DispatchedTask.kt:108)
	at kotlinx.coroutines.EventLoopImplBase.processNextEvent(EventLoop.common.kt:280)
	at kotlinx.coroutines.BlockingCoroutine.joinBlocking(Builders.kt:85)
	at kotlinx.coroutines.BuildersKt__BuildersKt.runBlocking(Builders.kt:59)
	at kotlinx.coroutines.BuildersKt.runBlocking(Unknown Source)
	at com.intellij.serviceContainer.ComponentManagerImplKt$runBlockingInitialization$1.invoke(ComponentManagerImpl.kt:2406)
	at com.intellij.serviceContainer.ComponentManagerImplKt$runBlockingInitialization$1.invoke(ComponentManagerImpl.kt:2397)
	at com.intellij.openapi.progress.ContextKt.prepareThreadContext(context.kt:83)
	at com.intellij.serviceContainer.ComponentManagerImplKt.runBlockingInitialization(ComponentManagerImpl.kt:2397)
	at com.intellij.serviceContainer.ComponentManagerImplKt.getOrCreateInstanceBlocking(ComponentManagerImpl.kt:2336)
	at com.intellij.serviceContainer.ComponentManagerImpl.doGetService(ComponentManagerImpl.kt:1057)
	at com.intellij.serviceContainer.ComponentManagerImpl.getService(ComponentManagerImpl.kt:988)
	at com.intellij.ide.ui.UISettings.<init>(UISettings.kt:800)
	at java.base/jdk.internal.reflect.NativeConstructorAccessorImpl.newInstance0(Native Method)
	at java.base/jdk.internal.reflect.NativeConstructorAccessorImpl.newInstance(NativeConstructorAccessorImpl.java:77)
	at java.base/jdk.internal.reflect.DelegatingConstructorAccessorImpl.newInstance(DelegatingConstructorAccessorImpl.java:45)
	at java.base/java.lang.reflect.Constructor.newInstanceWithCaller(Constructor.java:499)
	at java.base/java.lang.reflect.Constructor.newInstance(Constructor.java:480)
	at com.intellij.platform.instanceContainer.instantiation.InstantiateKt$instantiate$4.invoke(instantiate.kt:74)
	at com.intellij.platform.instanceContainer.instantiation.InstantiateKt$instantiate$4.invoke(instantiate.kt:72)
	at com.intellij.platform.instanceContainer.instantiation.InstantiateKt.instantiate(instantiate.kt:278)
	at com.intellij.platform.instanceContainer.instantiation.InstantiateKt.instantiate(instantiate.kt:72)
	at com.intellij.serviceContainer.InstantiateKt.instantiateWithContainer(instantiate.kt:19)
	at com.intellij.serviceContainer.ServiceInstanceInitializer.createInstance$suspendImpl(ServiceInstanceInitializer.kt:26)
	at com.intellij.serviceContainer.ServiceInstanceInitializer.createInstance(ServiceInstanceInitializer.kt)
	at com.intellij.platform.instanceContainer.internal.LazyInstanceHolder$initialize$1$1.invokeSuspend(LazyInstanceHolder.kt:162)
	at com.intellij.platform.instanceContainer.internal.LazyInstanceHolder$initialize$1$1.invoke(LazyInstanceHolder.kt)
	at com.intellij.platform.instanceContainer.internal.LazyInstanceHolder$initialize$1$1.invoke(LazyInstanceHolder.kt)
	at kotlinx.coroutines.intrinsics.UndispatchedKt.startUndispatchedOrReturn(Undispatched.kt:78)
	at kotlinx.coroutines.BuildersKt__Builders_commonKt.withContext(Builders.common.kt:167)
	at kotlinx.coroutines.BuildersKt.withContext(Unknown Source)
	at com.intellij.platform.instanceContainer.internal.LazyInstanceHolder$initialize$1.invokeSuspend(LazyInstanceHolder.kt:160)
	at com.intellij.platform.instanceContainer.internal.LazyInstanceHolder$initialize$1.invoke(LazyInstanceHolder.kt)
	at com.intellij.platform.instanceContainer.internal.LazyInstanceHolder$initialize$1.invoke(LazyInstanceHolder.kt)
	at kotlinx.coroutines.intrinsics.UndispatchedKt.startCoroutineUndispatched(Undispatched.kt:44)
	at kotlinx.coroutines.CoroutineStart.invoke(CoroutineStart.kt:112)
	at kotlinx.coroutines.AbstractCoroutine.start(AbstractCoroutine.kt:126)
	at kotlinx.coroutines.BuildersKt__Builders_commonKt.launch(Builders.common.kt:56)
	at kotlinx.coroutines.BuildersKt.launch(Unknown Source)
	at com.intellij.platform.instanceContainer.internal.LazyInstanceHolder.initialize(LazyInstanceHolder.kt:145)
	at com.intellij.platform.instanceContainer.internal.LazyInstanceHolder.access$initialize(LazyInstanceHolder.kt:13)
	at com.intellij.platform.instanceContainer.internal.LazyInstanceHolder.tryInitialize(LazyInstanceHolder.kt:135)
	at com.intellij.platform.instanceContainer.internal.LazyInstanceHolder.getInstance(LazyInstanceHolder.kt:95)
	at com.intellij.platform.instanceContainer.internal.LazyInstanceHolder.getInstanceInCallerContext$suspendImpl(LazyInstanceHolder.kt:87)
	at com.intellij.platform.instanceContainer.internal.LazyInstanceHolder.getInstanceInCallerContext(LazyInstanceHolder.kt)
	at com.intellij.serviceContainer.ComponentManagerImplKt$getOrCreateInstanceBlocking$3.invokeSuspend(ComponentManagerImpl.kt:2337)
	at kotlin.coroutines.jvm.internal.BaseContinuationImpl.resumeWith(ContinuationImpl.kt:33)
	at kotlinx.coroutines.DispatchedTask.run(DispatchedTask.kt:108)
	at kotlinx.coroutines.EventLoopImplBase.processNextEvent(EventLoop.common.kt:280)
	at kotlinx.coroutines.BlockingCoroutine.joinBlocking(Builders.kt:85)
	at kotlinx.coroutines.BuildersKt__BuildersKt.runBlocking(Builders.kt:59)
	at kotlinx.coroutines.BuildersKt.runBlocking(Unknown Source)
	at com.intellij.serviceContainer.ComponentManagerImplKt$runBlockingInitialization$1.invoke(ComponentManagerImpl.kt:2406)
	at com.intellij.serviceContainer.ComponentManagerImplKt$runBlockingInitialization$1.invoke(ComponentManagerImpl.kt:2397)
	at com.intellij.openapi.progress.ContextKt.prepareThreadContext(context.kt:83)
	at com.intellij.serviceContainer.ComponentManagerImplKt.runBlockingInitialization(ComponentManagerImpl.kt:2397)
	at com.intellij.serviceContainer.ComponentManagerImplKt.getOrCreateInstanceBlocking(ComponentManagerImpl.kt:2336)
	at com.intellij.serviceContainer.ComponentManagerImpl.doGetService(ComponentManagerImpl.kt:1057)
	at com.intellij.serviceContainer.ComponentManagerImpl.getService(ComponentManagerImpl.kt:988)
	at com.intellij.ide.ui.UISettings$Companion.getInstance(UISettings.kt:800)
	at com.intellij.ide.ui.UISettings$Companion.getInstanceOrNull(UISettings.kt:544)
	at com.intellij.ide.ui.UISettings.getInstanceOrNull(UISettings.kt)
	at com.intellij.openapi.actionSystem.Presentation.lambda$getTextWithMnemonic$6(Presentation.java:208)
	at com.intellij.openapi.actionSystem.Presentation.getText(Presentation.java:168)
	at com.intellij.openapi.actionSystem.Presentation.getText(Presentation.java:164)
	at com.intellij.openapi.actionSystem.ActionStub.copyTemplatePresentation(ActionStub.java:110)
	at com.intellij.openapi.actionSystem.ActionStub.initAction(ActionStub.java:96)
	at com.intellij.openapi.actionSystem.impl.ActionManagerImplKt.convertStub(ActionManagerImpl.kt:1738)
	at com.intellij.openapi.actionSystem.impl.ActionManagerImpl.getActionImpl(ActionManagerImpl.kt:323)
	at com.intellij.openapi.actionSystem.impl.ActionManagerImpl.getAction(ActionManagerImpl.kt:314)
	at com.intellij.execution.ExecutorRegistryImpl.registerAction(ExecutorRegistryImpl.java:216)
	at com.intellij.execution.ExecutorRegistryImpl.initExecutorActions(ExecutorRegistryImpl.java:133)
	at com.intellij.execution.ExecutorRegistryImpl.init(ExecutorRegistryImpl.java:285)
	at com.intellij.execution.ExecutorRegistryImpl$ExecutorRegistryActionConfigurationTuner.customize(ExecutorRegistryImpl.java:100)
	at com.intellij.openapi.actionSystem.impl.ActionManagerImpl$1.invoke(ActionManagerImpl.kt:130)
	at com.intellij.openapi.actionSystem.impl.ActionManagerImpl$1.invoke(ActionManagerImpl.kt:130)
	at com.intellij.openapi.actionSystem.impl.ActionManagerImpl._init_$lambda$0(ActionManagerImpl.kt:130)
	at com.intellij.openapi.extensions.impl.ExtensionProcessingHelper.forEachExtensionSafe(ExtensionProcessingHelper.kt:34)
	at com.intellij.openapi.extensions.ExtensionPointName.forEachExtensionSafe(ExtensionPointName.kt:50)
	at com.intellij.openapi.actionSystem.impl.ActionManagerImpl.<init>(ActionManagerImpl.kt:130)
	at com.jetbrains.rdserver.ui.actionPopupMenu.BackendActionManager.<init>(BackendActionManager.kt:17)
	at java.base/jdk.internal.reflect.NativeConstructorAccessorImpl.newInstance0(Native Method)
	at java.base/jdk.internal.reflect.NativeConstructorAccessorImpl.newInstance(NativeConstructorAccessorImpl.java:77)
	at java.base/jdk.internal.reflect.DelegatingConstructorAccessorImpl.newInstance(DelegatingConstructorAccessorImpl.java:45)
	at java.base/java.lang.reflect.Constructor.newInstanceWithCaller(Constructor.java:499)
	at java.base/java.lang.reflect.Constructor.newInstance(Constructor.java:480)
	at com.intellij.platform.instanceContainer.instantiation.InstantiateKt$instantiate$4.invoke(instantiate.kt:74)
	at com.intellij.platform.instanceContainer.instantiation.InstantiateKt$instantiate$4.invoke(instantiate.kt:72)
	at com.intellij.platform.instanceContainer.instantiation.InstantiateKt.instantiate(instantiate.kt:278)
	at com.intellij.platform.instanceContainer.instantiation.InstantiateKt.instantiate(instantiate.kt:72)
	at com.intellij.serviceContainer.InstantiateKt.instantiateWithContainer(instantiate.kt:19)
	at com.intellij.serviceContainer.ServiceInstanceInitializer.createInstance$suspendImpl(ServiceInstanceInitializer.kt:26)
	at com.intellij.serviceContainer.ServiceInstanceInitializer.createInstance(ServiceInstanceInitializer.kt)
	at com.intellij.platform.instanceContainer.internal.LazyInstanceHolder$initialize$1$1.invokeSuspend(LazyInstanceHolder.kt:162)
	at com.intellij.platform.instanceContainer.internal.LazyInstanceHolder$initialize$1$1.invoke(LazyInstanceHolder.kt)
	at com.intellij.platform.instanceContainer.internal.LazyInstanceHolder$initialize$1$1.invoke(LazyInstanceHolder.kt)
	at kotlinx.coroutines.intrinsics.UndispatchedKt.startUndispatchedOrReturn(Undispatched.kt:78)
	at kotlinx.coroutines.BuildersKt__Builders_commonKt.withContext(Builders.common.kt:167)
	at kotlinx.coroutines.BuildersKt.withContext(Unknown Source)
	at com.intellij.platform.instanceContainer.internal.LazyInstanceHolder$initialize$1.invokeSuspend(LazyInstanceHolder.kt:160)
	at com.intellij.platform.instanceContainer.internal.LazyInstanceHolder$initialize$1.invoke(LazyInstanceHolder.kt)
	at com.intellij.platform.instanceContainer.internal.LazyInstanceHolder$initialize$1.invoke(LazyInstanceHolder.kt)
	at kotlinx.coroutines.intrinsics.UndispatchedKt.startCoroutineUndispatched(Undispatched.kt:44)
	at kotlinx.coroutines.CoroutineStart.invoke(CoroutineStart.kt:112)
	at kotlinx.coroutines.AbstractCoroutine.start(AbstractCoroutine.kt:126)
	at kotlinx.coroutines.BuildersKt__Builders_commonKt.launch(Builders.common.kt:56)
	at kotlinx.coroutines.BuildersKt.launch(Unknown Source)
	at com.intellij.platform.instanceContainer.internal.LazyInstanceHolder.initialize(LazyInstanceHolder.kt:145)
	at com.intellij.platform.instanceContainer.internal.LazyInstanceHolder.access$initialize(LazyInstanceHolder.kt:13)
	at com.intellij.platform.instanceContainer.internal.LazyInstanceHolder.tryInitialize(LazyInstanceHolder.kt:135)
	at com.intellij.platform.instanceContainer.internal.LazyInstanceHolder.getInstance(LazyInstanceHolder.kt:95)
	at com.intellij.platform.instanceContainer.internal.LazyInstanceHolder.getInstance$suspendImpl(LazyInstanceHolder.kt:83)
	at com.intellij.platform.instanceContainer.internal.LazyInstanceHolder.getInstance(LazyInstanceHolder.kt)
	at com.intellij.platform.instanceContainer.internal.InstanceContainerImpl.instance(InstanceContainerImpl.kt:67)
	at com.intellij.serviceContainer.ComponentManagerImpl.getServiceAsync(ComponentManagerImpl.kt:993)
	at com.intellij.platform.ide.bootstrap.AppServicePreloadingKt$preloadCriticalServices$2$7.invokeSuspend(appServicePreloading.kt:211)
	at com.intellij.platform.ide.bootstrap.AppServicePreloadingKt$preloadCriticalServices$2$7.invoke(appServicePreloading.kt)
	at com.intellij.platform.ide.bootstrap.AppServicePreloadingKt$preloadCriticalServices$2$7.invoke(appServicePreloading.kt)
	at kotlinx.coroutines.intrinsics.UndispatchedKt.startUndispatchedOrReturn(Undispatched.kt:78)
	at kotlinx.coroutines.BuildersKt__Builders_commonKt.withContext(Builders.common.kt:167)
	at kotlinx.coroutines.BuildersKt.withContext(Unknown Source)
	at com.intellij.platform.diagnostic.telemetry.impl.TracerKt.span(tracer.kt:56)
	at com.intellij.platform.diagnostic.telemetry.impl.TracerKt.span$default(tracer.kt:49)
	at com.intellij.platform.ide.bootstrap.AppServicePreloadingKt$preloadCriticalServices$2.invokeSuspend(appServicePreloading.kt:108)
	at kotlin.coroutines.jvm.internal.BaseContinuationImpl.resumeWith(ContinuationImpl.kt:33)
	at kotlinx.coroutines.DispatchedTask.run(DispatchedTask.kt:108)
	at kotlinx.coroutines.scheduling.CoroutineScheduler.runSafely(CoroutineScheduler.kt:584)
	at kotlinx.coroutines.scheduling.CoroutineScheduler$Worker.executeTask(CoroutineScheduler.kt:793)
	at kotlinx.coroutines.scheduling.CoroutineScheduler$Worker.runWorker(CoroutineScheduler.kt:697)
	at kotlinx.coroutines.scheduling.CoroutineScheduler$Worker.run(CoroutineScheduler.kt:684)
2024-02-19 02:21:46,874 [   1365] SEVERE - #c.i.u.s.JBUIScale - IntelliJ IDEA 2023.3.3  Build #IU-233.14015.106
2024-02-19 02:21:46,874 [   1365] SEVERE - #c.i.u.s.JBUIScale - JDK: 17.0.9; VM: OpenJDK 64-Bit Server VM; Vendor: JetBrains s.r.o.
2024-02-19 02:21:46,874 [   1365] SEVERE - #c.i.u.s.JBUIScale - OS: Linux
2024-02-19 02:21:46,876 [   1367] SEVERE - #c.i.u.s.JBUIScale - Last Action: 
2024-02-19 02:21:46,973 [   1464]   WARN - #c.i.s.ComponentManagerImpl - com.intellij.psi.search.FilenameIndex initializer requests com.intellij.ide.plugins.PluginUtil instance
2024-02-19 02:21:47,126 [   1617]   WARN - #c.i.o.e.c.i.EditorColorsManagerImpl - Cannot find scheme: Monokai from plugins: com.intellij.lang.jsgraphql
2024-02-19 02:21:47,665 [   2156]   WARN - #c.i.s.ComponentManagerImpl - com.intellij.lang.javascript.psi.jsdoc.impl.JSDocCustomTags initializer requests com.intellij.lang.javascript.JSDisposable instance
2024-02-19 02:21:48,252 [   2743]   WARN - #c.i.o.v.n.p.d.e.DurableEnumeratorFactory - [enumerator.mmapped]: .valueToId map is out-of-sync with .valuesLog data -> rebuilding it
2024-02-19 02:21:48,327 [   2818]   WARN - #c.i.s.ComponentManagerImpl - org.jetbrains.kotlin.idea.gradleJava.scripting.roots.GradleBuildRootDataSerializer initializer requests com.intellij.util.gist.storage.GistStorage instance
2024-02-19 02:21:48,882 [   3373]   WARN - #c.i.s.ComponentManagerImpl - org.zmlx.hg4idea.provider.HgChangeProvider initializer requests com.intellij.openapi.vcs.FileStatusFactory instance
2024-02-19 02:21:49,044 [   3535]   WARN - #c.i.s.ComponentManagerImpl - com.intellij.psi.LanguageSubstitutors initializer requests com.intellij.psi.LanguageSubstitutors instance
2024-02-19 02:21:49,447 [   3938]   WARN - #c.i.s.ComponentManagerImpl - com.intellij.psi.codeStyle.CodeStyleSettingsCustomizable initializer requests com.intellij.util.LocaleSensitiveApplicationCacheService instance
2024-02-19 02:21:51,928 [   6419]   WARN - #o.j.p.t.TextMateService - Cannot find referenced file `./language-configuration.json` in bundle `/home/alex/idea-IU-233.14015.106/plugins/textmate/lib/bundles/mdx`
2024-02-19 02:21:53,255 [   7746]   WARN - #c.i.s.ComponentManagerImpl - com.haulmont.jpb.language.jpql.AbstractJpqlCommunityInjector initializer requests com.haulmont.jpb.JpbRegistryKeyPrefixProvider instance
2024-02-19 02:21:53,443 [   7934]   WARN - #c.i.o.a.i.ActionUpdater - 618 ms to grab EDT for FontEditorPreview$ToggleBoldFontAction#Update@ContextToolbar (com.intellij.application.options.colors.FontEditorPreview$ToggleBoldFontAction)
2024-02-19 02:21:53,444 [   7935]   WARN - #c.i.o.a.i.ActionUpdater - 619 ms to grab EDT for FontEditorPreview$RestorePreviewTextAction#Update@ContextToolbar (com.intellij.application.options.colors.FontEditorPreview$RestorePreviewTextAction)
2024-02-19 02:21:53,784 [   8275]   WARN - #c.i.i.s.p.i.BundledSharedIndexPostStartupActivity - Skipped 1 pre-built shared indexes: bundled-js-predefined-1d06a55b98c1-985749b364ce-JavaScript-IU-233.14015.106
2024-02-19 02:21:53,981 [   8472]   WARN - #c.i.i.s.i.StartupManagerImpl - Migrate org.sonarlint.intellij.StartServicesOnProjectOpened to ProjectActivity [Plugin: org.sonarlint.idea]
com.intellij.diagnostic.PluginException: Migrate org.sonarlint.intellij.StartServicesOnProjectOpened to ProjectActivity [Plugin: org.sonarlint.idea]
	at com.intellij.ide.startup.impl.StartupManagerImpl.runPostStartupActivities(StartupManagerImpl.kt:277)
	at com.intellij.ide.startup.impl.StartupManagerImpl.access$runPostStartupActivities(StartupManagerImpl.kt:69)
	at com.intellij.ide.startup.impl.StartupManagerImpl$runPostStartupActivities$3$2.invokeSuspend(StartupManagerImpl.kt:192)
	at com.intellij.ide.startup.impl.StartupManagerImpl$runPostStartupActivities$3$2.invoke(StartupManagerImpl.kt)
	at com.intellij.ide.startup.impl.StartupManagerImpl$runPostStartupActivities$3$2.invoke(StartupManagerImpl.kt)
	at kotlinx.coroutines.intrinsics.UndispatchedKt.startUndispatchedOrReturn(Undispatched.kt:78)
	at kotlinx.coroutines.BuildersKt__Builders_commonKt.withContext(Builders.common.kt:167)
	at kotlinx.coroutines.BuildersKt.withContext(Unknown Source)
	at com.intellij.ide.startup.impl.StartupManagerImpl$runPostStartupActivities$3.invokeSuspend(StartupManagerImpl.kt:191)
	at kotlin.coroutines.jvm.internal.BaseContinuationImpl.resumeWith(ContinuationImpl.kt:33)
	at kotlinx.coroutines.UndispatchedCoroutine.afterResume(CoroutineContext.kt:270)
	at kotlinx.coroutines.AbstractCoroutine.resumeWith(AbstractCoroutine.kt:102)
	at kotlin.coroutines.jvm.internal.BaseContinuationImpl.resumeWith(ContinuationImpl.kt:46)
	at kotlinx.coroutines.DispatchedTask.run(DispatchedTask.kt:108)
	at kotlinx.coroutines.scheduling.CoroutineScheduler.runSafely(CoroutineScheduler.kt:584)
	at kotlinx.coroutines.scheduling.CoroutineScheduler$Worker.executeTask(CoroutineScheduler.kt:793)
	at kotlinx.coroutines.scheduling.CoroutineScheduler$Worker.runWorker(CoroutineScheduler.kt:697)
	at kotlinx.coroutines.scheduling.CoroutineScheduler$Worker.run(CoroutineScheduler.kt:684)
2024-02-19 02:21:53,995 [   8486]   WARN - #c.i.u.x.Binding - no accessors for com.haulmont.jpb.model.dbtype.DbType
2024-02-19 02:21:54,416 [   8907]   WARN - #c.i.o.a.i.ActionUpdater - 729 ms to grab EDT for ExpandAllAction#Update@ToolwindowTitle (com.intellij.ide.actions.ExpandAllAction)
2024-02-19 02:21:54,417 [   8908]   WARN - #c.i.o.a.i.ActionUpdater - 730 ms to grab EDT for DockToolWindowAction#Update@ToolwindowTitle (com.intellij.openapi.wm.impl.DockToolWindowAction)
2024-02-19 02:21:54,417 [   8908]   WARN - #c.i.o.a.i.ActionUpdater - 729 ms to grab EDT for CollapseAllAction#Update@ToolwindowTitle (com.intellij.ide.actions.CollapseAllAction)
2024-02-19 02:21:55,241 [   9732]   WARN - #c.i.o.a.i.ActionUpdater - 1331 ms to grab EDT for ToolWindowHeader$2#Update@ToolwindowTitle (com.intellij.toolWindow.ToolWindowHeader$2)
2024-02-19 02:21:55,495 [   9986]   WARN - #c.i.s.ComponentManagerImpl - com.intellij.database.console.session.DatabaseSessionManager initializer requests com.intellij.database.console.session.DatabaseSessionViewService instance
2024-02-19 02:21:55,852 [  10343]   WARN - #c.i.o.a.i.ActionUpdater - 829 ms to grab EDT for ToggleAmendCommitModeAction#Update@ChangesView.CommitToolbar (com.intellij.vcs.commit.ToggleAmendCommitModeAction)
2024-02-19 02:21:55,855 [  10346]   WARN - #c.i.o.a.i.ActionUpdater - 752 ms to grab EDT for FontEditorPreview$ToggleBoldFontAction#Update@ContextToolbar (com.intellij.application.options.colors.FontEditorPreview$ToggleBoldFontAction)
2024-02-19 02:21:55,855 [  10346]   WARN - #c.i.o.a.i.ActionUpdater - 752 ms to grab EDT for FontEditorPreview$RestorePreviewTextAction#Update@ContextToolbar (com.intellij.application.options.colors.FontEditorPreview$RestorePreviewTextAction)
2024-02-19 02:21:55,856 [  10347]   WARN - #c.i.o.a.i.ActionUpdater - 751 ms to grab EDT for EditorMarkupModelImpl$TrafficLightAction#Update@EditorInspectionsToolbar (com.intellij.openapi.editor.impl.EditorMarkupModelImpl$TrafficLightAction)
2024-02-19 02:21:55,856 [  10347]   WARN - #c.i.o.a.i.ActionUpdater - 752 ms to grab EDT for EditorMarkupModelImpl$1#Update@EditorInspectionsToolbar (com.intellij.openapi.editor.impl.EditorMarkupModelImpl$1)
2024-02-19 02:21:55,857 [  10348]   WARN - #c.i.o.a.i.ActionUpdater - 752 ms to grab EDT for JoinCallAction#Update@MainToolbar (com.jetbrains.rd.platform.codeWithMe.telephony.JoinCallAction)
2024-02-19 02:21:55,859 [  10350]   WARN - #c.i.o.a.i.ActionUpdater - 752 ms to grab EDT for ReviewModeActionGroup#Update@EditorInspectionsToolbar (org.jetbrains.plugins.gitlab.mergerequest.ui.editor.action.ReviewModeActionGroup)
2024-02-19 02:21:55,862 [  10353]   WARN - #c.i.o.a.i.ActionUpdater - 619 ms to grab EDT for ToolWindowHeader$2#GetChildren@ToolwindowTitle (com.intellij.toolWindow.ToolWindowHeader$2)
2024-02-19 02:21:55,940 [  10431]   WARN - #c.i.o.a.i.ActionUpdater - 591 ms to grab EDT for ToolWindowHeader$2#Update@ToolwindowTitle (com.intellij.toolWindow.ToolWindowHeader$2)
2024-02-19 02:21:56,930 [  11421]   WARN - #c.i.o.a.i.ActionUpdater - 857 ms to grab EDT for FontEditorPreview$ToggleBoldFontAction#Update@ContextToolbar (com.intellij.application.options.colors.FontEditorPreview$ToggleBoldFontAction)
2024-02-19 02:21:56,930 [  11421]   WARN - #c.i.o.a.i.ActionUpdater - 857 ms to grab EDT for FontEditorPreview$RestorePreviewTextAction#Update@ContextToolbar (com.intellij.application.options.colors.FontEditorPreview$RestorePreviewTextAction)
2024-02-19 02:21:58,376 [  12867]   WARN - #c.i.o.a.i.ActionUpdater - 405 ms to grab EDT for ToolWindowHeader$2#Update@ToolwindowTitle (com.intellij.toolWindow.ToolWindowHeader$2)
2024-02-19 02:21:58,377 [  12868]   WARN - #c.i.o.a.i.ActionUpdater - 405 ms to grab EDT for ToolWindowHeader$2#Update@ToolwindowTitle (com.intellij.toolWindow.ToolWindowHeader$2)
2024-02-19 02:21:58,378 [  12869]   WARN - #c.i.o.a.i.ActionUpdater - 404 ms to grab EDT for FontEditorPreview$RestorePreviewTextAction#Update@ContextToolbar (com.intellij.application.options.colors.FontEditorPreview$RestorePreviewTextAction)
2024-02-19 02:21:58,378 [  12869]   WARN - #c.i.o.a.i.ActionUpdater - 404 ms to grab EDT for FontEditorPreview$ToggleBoldFontAction#Update@ContextToolbar (com.intellij.application.options.colors.FontEditorPreview$ToggleBoldFontAction)
2024-02-19 02:21:58,379 [  12870]   WARN - #c.i.o.a.i.ActionUpdater - 404 ms to grab EDT for EditorMarkupModelImpl$TrafficLightAction#Update@EditorInspectionsToolbar (com.intellij.openapi.editor.impl.EditorMarkupModelImpl$TrafficLightAction)
2024-02-19 02:21:58,379 [  12870]   WARN - #c.i.o.a.i.ActionUpdater - 404 ms to grab EDT for EditorMarkupModelImpl$1#Update@EditorInspectionsToolbar (com.intellij.openapi.editor.impl.EditorMarkupModelImpl$1)
2024-02-19 02:21:58,379 [  12870]   WARN - #c.i.o.a.i.ActionUpdater - 404 ms to grab EDT for CollapseAllAction#Update@ChangesViewToolbar (com.intellij.ide.actions.CollapseAllAction)
2024-02-19 02:21:58,379 [  12870]   WARN - #c.i.o.a.i.ActionUpdater - 404 ms to grab EDT for ToggleDetailsAction#Update@ChangesViewToolbar (com.intellij.openapi.vcs.changes.ToggleDetailsAction)
2024-02-19 02:21:58,380 [  12871]   WARN - #c.i.o.a.i.ActionUpdater - 404 ms to grab EDT for EditorMarkupModelImpl$TrafficLightAction#Update@EditorInspectionsToolbar (com.intellij.openapi.editor.impl.EditorMarkupModelImpl$TrafficLightAction)
2024-02-19 02:21:58,380 [  12871]   WARN - #c.i.o.a.i.ActionUpdater - 405 ms to grab EDT for EditorMarkupModelImpl$1#Update@EditorInspectionsToolbar (com.intellij.openapi.editor.impl.EditorMarkupModelImpl$1)
2024-02-19 02:21:58,379 [  12870]   WARN - #c.i.o.a.i.ActionUpdater - 404 ms to grab EDT for ExpandAllAction#Update@ChangesViewToolbar (com.intellij.ide.actions.ExpandAllAction)
2024-02-19 02:21:58,402 [  12893]   WARN - #c.i.o.a.i.ActionUpdater - 427 ms to grab EDT for HgCommitAndPushExecutorAction#Update@ChangesView.CommitButtonsToolbar (org.zmlx.hg4idea.action.HgCommitAndPushExecutorAction)
2024-02-19 02:21:58,403 [  12894]   WARN - #c.i.o.a.i.ActionUpdater - 428 ms to grab EDT for GitCommitAndPushExecutorAction#Update@ChangesView.CommitButtonsToolbar (git4idea.actions.GitCommitAndPushExecutorAction)
2024-02-19 02:21:58,404 [  12895]   WARN - #c.i.o.a.i.ActionUpdater - 430 ms to grab EDT for ShowCommitOptionsAction#Update@ChangesView.ShowCommitOptions (com.intellij.openapi.vcs.actions.ShowCommitOptionsAction)
2024-02-19 02:21:58,405 [  12896]   WARN - #c.i.o.a.i.ActionUpdater - 430 ms to grab EDT for ToggleAmendCommitModeAction#Update@ChangesView.CommitToolbar (com.intellij.vcs.commit.ToggleAmendCommitModeAction)
2024-02-19 02:21:58,406 [  12897]   WARN - #c.i.o.a.i.ActionUpdater - 429 ms to grab EDT for FontEditorPreview$RestorePreviewTextAction#Update@ContextToolbar (com.intellij.application.options.colors.FontEditorPreview$RestorePreviewTextAction)
2024-02-19 02:21:58,407 [  12898]   WARN - #c.i.o.a.i.ActionUpdater - 431 ms to grab EDT for FontEditorPreview$ToggleBoldFontAction#Update@ContextToolbar (com.intellij.application.options.colors.FontEditorPreview$ToggleBoldFontAction)
2024-02-19 02:21:58,407 [  12898]   WARN - #c.i.o.a.i.ActionUpdater - 419 ms to grab EDT for ReviewModeActionGroup#Update@EditorInspectionsToolbar (org.jetbrains.plugins.gitlab.mergerequest.ui.editor.action.ReviewModeActionGroup)
2024-02-19 02:21:58,440 [  12931]   WARN - #c.i.o.a.i.ActionUpdater - 430 ms to grab EDT for JoinCallAction#Update@MainToolbar (com.jetbrains.rd.platform.codeWithMe.telephony.JoinCallAction)
2024-02-19 02:21:58,440 [  12931]   WARN - #c.i.o.a.i.ActionUpdater - 429 ms to grab EDT for ExpandAllAction#Update@ServicesToolbar (com.intellij.ide.actions.ExpandAllAction)
2024-02-19 02:21:58,441 [  12932]   WARN - #c.i.o.a.i.ActionUpdater - 429 ms to grab EDT for CollapseAllAction#Update@ServicesToolbar (com.intellij.ide.actions.CollapseAllAction)
2024-02-19 02:21:58,443 [  12934]   WARN - #c.i.o.a.i.ActionUpdater - 430 ms to grab EDT for OpenInNewTabActionGroup#Update@ServicesToolbar (com.intellij.execution.services.OpenInNewTabActionGroup)
2024-02-19 02:22:00,156 [  14647]   WARN - #c.i.o.a.i.ActionUpdater - 555 ms to grab EDT for ToolWindowHeader$2#Update@ToolwindowTitle (com.intellij.toolWindow.ToolWindowHeader$2)
2024-02-19 02:22:00,157 [  14648]   WARN - #c.i.o.a.i.ActionUpdater - 532 ms to grab EDT for FontEditorPreview$RestorePreviewTextAction#Update@ContextToolbar (com.intellij.application.options.colors.FontEditorPreview$RestorePreviewTextAction)
2024-02-19 02:22:00,157 [  14648]   WARN - #c.i.o.a.i.ActionUpdater - 532 ms to grab EDT for FontEditorPreview$ToggleBoldFontAction#Update@ContextToolbar (com.intellij.application.options.colors.FontEditorPreview$ToggleBoldFontAction)
2024-02-19 02:22:00,157 [  14648]   WARN - #c.i.o.a.i.ActionUpdater - 532 ms to grab EDT for EditorMarkupModelImpl$TrafficLightAction#Update@EditorInspectionsToolbar (com.intellij.openapi.editor.impl.EditorMarkupModelImpl$TrafficLightAction)
2024-02-19 02:22:00,157 [  14648]   WARN - #c.i.o.a.i.ActionUpdater - 532 ms to grab EDT for EditorMarkupModelImpl$1#Update@EditorInspectionsToolbar (com.intellij.openapi.editor.impl.EditorMarkupModelImpl$1)
2024-02-19 02:22:00,157 [  14648]   WARN - #c.i.o.a.i.ActionUpdater - 531 ms to grab EDT for ExpandAllAction#Update@ChangesViewToolbar (com.intellij.ide.actions.ExpandAllAction)
2024-02-19 02:22:00,157 [  14648]   WARN - #c.i.o.a.i.ActionUpdater - 531 ms to grab EDT for CollapseAllAction#Update@ChangesViewToolbar (com.intellij.ide.actions.CollapseAllAction)
2024-02-19 02:22:00,158 [  14649]   WARN - #c.i.o.a.i.ActionUpdater - 531 ms to grab EDT for ToggleDetailsAction#Update@ChangesViewToolbar (com.intellij.openapi.vcs.changes.ToggleDetailsAction)
2024-02-19 02:22:00,158 [  14649]   WARN - #c.i.o.a.i.ActionUpdater - 532 ms to grab EDT for EditorMarkupModelImpl$TrafficLightAction#Update@EditorInspectionsToolbar (com.intellij.openapi.editor.impl.EditorMarkupModelImpl$TrafficLightAction)
2024-02-19 02:22:00,158 [  14649]   WARN - #c.i.o.a.i.ActionUpdater - 532 ms to grab EDT for EditorMarkupModelImpl$1#Update@EditorInspectionsToolbar (com.intellij.openapi.editor.impl.EditorMarkupModelImpl$1)
2024-02-19 02:22:00,158 [  14649]   WARN - #c.i.o.a.i.ActionUpdater - 532 ms to grab EDT for HgCommitAndPushExecutorAction#Update@ChangesView.CommitButtonsToolbar (org.zmlx.hg4idea.action.HgCommitAndPushExecutorAction)
2024-02-19 02:22:00,158 [  14649]   WARN - #c.i.o.a.i.ActionUpdater - 532 ms to grab EDT for GitCommitAndPushExecutorAction#Update@ChangesView.CommitButtonsToolbar (git4idea.actions.GitCommitAndPushExecutorAction)
2024-02-19 02:22:00,158 [  14649]   WARN - #c.i.o.a.i.ActionUpdater - 532 ms to grab EDT for ToggleAmendCommitModeAction#Update@ChangesView.CommitToolbar (com.intellij.vcs.commit.ToggleAmendCommitModeAction)
2024-02-19 02:22:00,159 [  14650]   WARN - #c.i.o.a.i.ActionUpdater - 532 ms to grab EDT for ShowCommitOptionsAction#Update@ChangesView.ShowCommitOptions (com.intellij.openapi.vcs.actions.ShowCommitOptionsAction)
2024-02-19 02:22:00,159 [  14650]   WARN - #c.i.o.a.i.ActionUpdater - 532 ms to grab EDT for ExpandAllAction#Update@ServicesToolbar (com.intellij.ide.actions.ExpandAllAction)
2024-02-19 02:22:00,159 [  14650]   WARN - #c.i.o.a.i.ActionUpdater - 532 ms to grab EDT for CollapseAllAction#Update@ServicesToolbar (com.intellij.ide.actions.CollapseAllAction)
2024-02-19 02:22:00,159 [  14650]   WARN - #c.i.o.a.i.ActionUpdater - 532 ms to grab EDT for JoinCallAction#Update@MainToolbar (com.jetbrains.rd.platform.codeWithMe.telephony.JoinCallAction)
2024-02-19 02:22:00,159 [  14650]   WARN - #c.i.o.a.i.ActionUpdater - 532 ms to grab EDT for FontEditorPreview$RestorePreviewTextAction#Update@ContextToolbar (com.intellij.application.options.colors.FontEditorPreview$RestorePreviewTextAction)
2024-02-19 02:22:00,159 [  14650]   WARN - #c.i.o.a.i.ActionUpdater - 532 ms to grab EDT for FontEditorPreview$ToggleBoldFontAction#Update@ContextToolbar (com.intellij.application.options.colors.FontEditorPreview$ToggleBoldFontAction)
2024-02-19 02:22:00,162 [  14653]   WARN - #c.i.o.a.i.ActionUpdater - 442 ms to grab EDT for ReviewModeActionGroup#Update@EditorInspectionsToolbar (org.jetbrains.plugins.gitlab.mergerequest.ui.editor.action.ReviewModeActionGroup)
2024-02-19 02:22:00,162 [  14653]   WARN - #c.i.o.a.i.ActionUpdater - 440 ms to grab EDT for OpenInNewTabActionGroup#Update@ServicesToolbar (com.intellij.execution.services.OpenInNewTabActionGroup)
2024-02-19 02:22:04,520 [  19011]   WARN - #c.i.u.x.Binding - no accessors for org.jetbrains.idea.maven.project.MavenHomeType
2024-02-19 02:22:07,193 [  21684]   WARN - #c.i.i.s.p.i.BundledSharedIndexPostStartupActivity - Skipped 1 pre-built shared indexes: bundled-js-predefined-1d06a55b98c1-985749b364ce-JavaScript-IU-233.14015.106
2024-02-19 02:22:07,255 [  21746]   WARN - #o.j.i.maven - updateAllMavenProjects started: false false false
2024-02-19 02:22:07,335 [  21826]   WARN - #c.i.d.m.s.ModelImporter - Reading from xml: stage@localhost
2024-02-19 02:22:07,338 [  21829]   WARN - #o.j.i.maven - updateAllMavenProjects finished: false false false
2024-02-19 02:22:09,334 [  23825]   WARN - #c.i.t.i.TaskManagerImpl - Can't connect to YouTrackRepository(URL='https://youtrack.nomia.dev'): Read timed out
2024-02-19 02:22:14,000 [  28491]   WARN - #o.j.p.g.j.IdeVersionedDataUpdater - Could not download new IDE versioned data for org.jetbrains.plugins.gradle.jvmcompat.GradleCompatibilitySupportUpdater
java.net.UnknownHostException: download-cdn.jetbrains.com
	at java.base/sun.nio.ch.NioSocketImpl.connect(NioSocketImpl.java:572)
	at java.base/java.net.SocksSocketImpl.connect(SocksSocketImpl.java:327)
	at java.base/java.net.Socket.connect(Socket.java:633)
	at java.base/sun.security.ssl.SSLSocketImpl.connect(SSLSocketImpl.java:304)
	at java.base/sun.net.NetworkClient.doConnect(NetworkClient.java:178)
	at java.base/sun.net.www.http.HttpClient.openServer(HttpClient.java:533)
	at java.base/sun.net.www.http.HttpClient.openServer(HttpClient.java:638)
	at java.base/sun.net.www.protocol.https.HttpsClient.<init>(HttpsClient.java:266)
	at java.base/sun.net.www.protocol.https.HttpsClient.New(HttpsClient.java:380)
	at java.base/sun.net.www.protocol.https.AbstractDelegateHttpsURLConnection.getNewHttpClient(AbstractDelegateHttpsURLConnection.java:193)
	at java.base/sun.net.www.protocol.http.HttpURLConnection.plainConnect0(HttpURLConnection.java:1287)
	at java.base/sun.net.www.protocol.http.HttpURLConnection.plainConnect(HttpURLConnection.java:1128)
	at java.base/sun.net.www.protocol.https.AbstractDelegateHttpsURLConnection.connect(AbstractDelegateHttpsURLConnection.java:179)
	at java.base/sun.net.www.protocol.http.HttpURLConnection.followRedirect0(HttpURLConnection.java:2922)
	at java.base/sun.net.www.protocol.http.HttpURLConnection.followRedirect(HttpURLConnection.java:2831)
	at java.base/sun.net.www.protocol.http.HttpURLConnection.getInputStream0(HttpURLConnection.java:1927)
	at java.base/sun.net.www.protocol.http.HttpURLConnection.getInputStream(HttpURLConnection.java:1589)
	at java.base/java.net.HttpURLConnection.getResponseCode(HttpURLConnection.java:529)
	at java.base/sun.net.www.protocol.https.HttpsURLConnectionImpl.getResponseCode(HttpsURLConnectionImpl.java:308)
	at com.intellij.util.io.HttpRequests.openConnection(HttpRequests.java:619)
	at com.intellij.util.io.HttpRequests$RequestImpl.getConnection(HttpRequests.java:361)
	at com.intellij.util.io.HttpRequests$RequestImpl.doReadBytes(HttpRequests.java:437)
	at com.intellij.util.io.HttpRequests$RequestImpl.readString(HttpRequests.java:426)
	at com.intellij.util.io.RequestBuilder.lambda$readString$5(RequestBuilder.java:85)
	at com.intellij.util.io.HttpRequests.doProcess(HttpRequests.java:524)
	at com.intellij.util.io.HttpRequests.process(HttpRequests.java:506)
	at com.intellij.util.io.HttpRequests$RequestBuilderImpl.connect(HttpRequests.java:335)
	at com.intellij.util.io.RequestBuilder.readString(RequestBuilder.java:85)
	at com.intellij.util.io.RequestBuilder.readString(RequestBuilder.java:89)
	at org.jetbrains.plugins.gradle.jvmcompat.IdeVersionedDataUpdater.retrieveNewData(IdeVersionedDataUpdater.kt:46)
	at org.jetbrains.plugins.gradle.jvmcompat.IdeVersionedDataUpdater.checkForUpdates$lambda$0(IdeVersionedDataUpdater.kt:34)
	at com.intellij.openapi.application.impl.ApplicationImpl$2.run(ApplicationImpl.java:249)
	at java.base/java.util.concurrent.Executors$RunnableAdapter.call(Executors.java:539)
	at java.base/java.util.concurrent.FutureTask.run(FutureTask.java:264)
	at java.base/java.util.concurrent.ThreadPoolExecutor.runWorker(ThreadPoolExecutor.java:1136)
	at java.base/java.util.concurrent.ThreadPoolExecutor$Worker.run(ThreadPoolExecutor.java:635)
	at java.base/java.util.concurrent.Executors$PrivilegedThreadFactory$1$1.run(Executors.java:702)
	at java.base/java.util.concurrent.Executors$PrivilegedThreadFactory$1$1.run(Executors.java:699)
	at java.base/java.security.AccessController.doPrivileged(AccessController.java:399)
	at java.base/java.util.concurrent.Executors$PrivilegedThreadFactory$1.run(Executors.java:699)
	at java.base/java.lang.Thread.run(Thread.java:840)
2024-02-19 02:22:19,587 [  34078]   WARN - #c.i.p.m.VulnerabilitiesRepositoryServer - Failed to check dependencies on server: https://vulnerability-search.europe-north1-gke.intellij.net
2024-02-19 02:22:19,790 [  34281]   WARN - #c.i.p.m.VulnerabilitiesRepositoryServer - Failed to check dependencies on server: https://vulnerability-search.europe-north1-gke.intellij.net
2024-02-19 02:22:20,194 [  34685]   WARN - #c.i.p.m.VulnerabilitiesRepositoryServer - Failed to check dependencies on server: https://vulnerability-search.europe-north1-gke.intellij.net
2024-02-19 02:22:20,795 [  35286]   WARN - #c.i.p.m.VulnerabilitiesRepositoryServer - com.intellij.packageChecker.model.VulnerabilitiesRepositoryServer.getVulnerabilitiesFromServer(VulnerabilitiesRepositoryServer.kt:139)
com.intellij.packageChecker.model.VulnerabilitiesRepositoryServer.access$getVulnerabilitiesFromServer(VulnerabilitiesRepositoryServer.kt:34)
com.intellij.packageChecker.model.VulnerabilitiesRepositoryServer$getVulnerabilitiesFromServer$1.invokeSuspend(VulnerabilitiesRepositoryServer.kt)
kotlin.coroutines.jvm.internal.BaseContinuationImpl.resumeWith(ContinuationImpl.kt:33)
kotlinx.coroutines.DispatchedTask.run(DispatchedTask.kt:106)
kotlinx.coroutines.scheduling.CoroutineScheduler.runSafely(CoroutineScheduler.kt:584)
kotlinx.coroutines.scheduling.CoroutineScheduler$Worker.executeTask(CoroutineScheduler.kt:793)
kotlinx.coroutines.scheduling.CoroutineScheduler$Worker.runWorker(CoroutineScheduler.kt:697)
kotlinx.coroutines.scheduling.CoroutineScheduler$Worker.run(CoroutineScheduler.kt:684)
2024-02-19 02:22:20,801 [  35292]   WARN - #c.i.p.m.VulnerabilitiesRepositoryServer - Failed to check dependencies on server: https://vulnerability-search.europe-north1-gke.intellij.net
2024-02-19 02:22:21,003 [  35494]   WARN - #c.i.p.m.VulnerabilitiesRepositoryServer - Failed to check dependencies on server: https://vulnerability-search.europe-north1-gke.intellij.net
2024-02-19 02:22:21,406 [  35897]   WARN - #c.i.p.m.VulnerabilitiesRepositoryServer - Failed to check dependencies on server: https://vulnerability-search.europe-north1-gke.intellij.net
2024-02-19 02:22:22,007 [  36498]   WARN - #c.i.p.m.VulnerabilitiesRepositoryServer - com.intellij.packageChecker.model.VulnerabilitiesRepositoryServer.getVulnerabilitiesFromServer(VulnerabilitiesRepositoryServer.kt:139)
com.intellij.packageChecker.model.VulnerabilitiesRepositoryServer.access$getVulnerabilitiesFromServer(VulnerabilitiesRepositoryServer.kt:34)
com.intellij.packageChecker.model.VulnerabilitiesRepositoryServer$getVulnerabilitiesFromServer$1.invokeSuspend(VulnerabilitiesRepositoryServer.kt)
kotlin.coroutines.jvm.internal.BaseContinuationImpl.resumeWith(ContinuationImpl.kt:33)
kotlinx.coroutines.DispatchedTask.run(DispatchedTask.kt:106)
kotlinx.coroutines.scheduling.CoroutineScheduler.runSafely(CoroutineScheduler.kt:584)
kotlinx.coroutines.scheduling.CoroutineScheduler$Worker.executeTask(CoroutineScheduler.kt:793)
kotlinx.coroutines.scheduling.CoroutineScheduler$Worker.runWorker(CoroutineScheduler.kt:697)
kotlinx.coroutines.scheduling.CoroutineScheduler$Worker.run(CoroutineScheduler.kt:684)
2024-02-19 02:22:45,919 [  60410]   WARN - #c.i.u.x.Binding - no accessors for com.intellij.ide.util.TipsUsageManager$State
2024-02-19 02:23:22,436 [  96927]   WARN - org.apache.velocity.deprecation - configuration key 'resource.loader' has been deprecated in favor of 'resource.loaders'
2024-02-19 02:23:22,448 [  96939]   WARN - org.apache.velocity.deprecation - configuration key 'includes.resource.loader.instance' has been deprecated in favor of 'resource.loader.includes.instance'
2024-02-19 02:23:27,598 [ 102089]   WARN - #c.i.o.a.i.ActionUpdater - 419 ms to grab EDT for ToolWindowHeader$2#Update@ToolwindowTitle (com.intellij.toolWindow.ToolWindowHeader$2)
2024-02-19 02:28:17,202 [ 391693]   WARN - #o.j.i.maven - Maven pulling logger stopped
2024-02-19 02:28:17,202 [ 391693]   WARN - #o.j.i.maven - Maven pulling download listener stopped
2024-02-19 02:28:17,864 [ 392355]   WARN - #o.j.i.maven - Error parsing maven log
2024-02-19 02:28:17,867 [ 392358]   WARN - #o.j.i.maven - Error parsing maven log
2024-02-19 02:28:17,867 [ 392358]   WARN - #o.j.i.maven - Error parsing maven log
2024-02-19 02:28:17,867 [ 392358]   WARN - #o.j.i.maven - Error parsing maven log
2024-02-19 02:28:17,868 [ 392359]   WARN - #o.j.i.maven - Error parsing maven log
